-------------------------------------------------------------------------------
Test set: ec.ups.edu.modulogrupo.ControladorDocenteTest
-------------------------------------------------------------------------------
Tests run: 8, Failures: 3, Errors: 0, Skipped: 0, Time elapsed: 0.026 sec <<< FAILURE!
ec.ups.edu.modulogrupo.ControladorDocenteTest.testBuscarPersona()  Time elapsed: 0.002 sec  <<< FAILURE!
java.lang.RuntimeException: Uncompilable source code - Erroneous tree type: java.util.ArrayList.<error>
	at ec.ups.edu.Controlador.ControladorDocente.buscarPersona(ControladorDocente.java:91)
	at ec.ups.edu.modulogrupo.ControladorDocenteTest.testBuscarPersona(ControladorDocenteTest.java:125)

ec.ups.edu.modulogrupo.ControladorDocenteTest.testCrarPersona()  Time elapsed: 0 sec  <<< FAILURE!
java.lang.NullPointerException
	at ec.ups.edu.Controlador.ControladorDocente.crarPersona(ControladorDocente.java:44)
	at ec.ups.edu.modulogrupo.ControladorDocenteTest.testCrarPersona(ControladorDocenteTest.java:95)

ec.ups.edu.modulogrupo.ControladorDocenteTest.testEliminarPersona()  Time elapsed: 0.024 sec  <<< FAILURE!
java.lang.IndexOutOfBoundsException: Index 0 out of bounds for length 0
	at java.base/jdk.internal.util.Preconditions.outOfBounds(Preconditions.java:64)
	at java.base/jdk.internal.util.Preconditions.outOfBoundsCheckIndex(Preconditions.java:70)
	at java.base/jdk.internal.util.Preconditions.checkIndex(Preconditions.java:248)
	at java.base/java.util.Objects.checkIndex(Objects.java:372)
	at java.base/java.util.ArrayList.get(ArrayList.java:458)
	at ec.ups.edu.Controlador.ControladorDocente.eliminarPersona(ControladorDocente.java:62)
	at ec.ups.edu.modulogrupo.ControladorDocenteTest.testEliminarPersona(ControladorDocenteTest.java:110)

