<?xml version="1.0" encoding="UTF-8" ?>
<testsuite tests="4" failures="0" name="ec.ups.edu.modulogrupo.ControladorMatriculaTest" time="0" errors="0" skipped="0">
  <properties>
[...]
</properties>
  <testcase classname="ec.ups.edu.modulogrupo.ControladorMatriculaTest" name="ec.ups.edu.modulogrupo.ControladorMatriculaTest.testCrearMatricula" time="0"/>
  <testcase classname="ec.ups.edu.modulogrupo.ControladorMatriculaTest" name="ec.ups.edu.modulogrupo.ControladorMatriculaTest.testListarMatricula" time="0"/>
  <testcase classname="ec.ups.edu.modulogrupo.ControladorMatriculaTest" name="ec.ups.edu.modulogrupo.ControladorMatriculaTest.testModificarMatricula" time="0"/>
  <testcase classname="ec.ups.edu.modulogrupo.ControladorMatriculaTest" name="ec.ups.edu.modulogrupo.ControladorMatriculaTest.testEliminarMatricula" time="0"/>
</testsuite>