<?xml version="1.0" encoding="UTF-8" ?>
<testsuite tests="8" failures="3" name="ec.ups.edu.modulogrupo.ControladorDocenteTest" time="0.026" errors="0" skipped="0">
  <properties>
[...]
</properties>
  <testcase classname="ec.ups.edu.modulogrupo.ControladorDocenteTest" name="ec.ups.edu.modulogrupo.ControladorDocenteTest.testBuscarPersona" time="0.002">
    <failure message="Uncompilable source code - Erroneous tree type: java.util.ArrayList.&lt;error&gt;" type="java.lang.RuntimeException">java.lang.RuntimeException: Uncompilable source code - Erroneous tree type: java.util.ArrayList.&lt;error&gt;
	at ec.ups.edu.Controlador.ControladorDocente.buscarPersona(ControladorDocente.java:91)
	at ec.ups.edu.modulogrupo.ControladorDocenteTest.testBuscarPersona(ControladorDocenteTest.java:125)
</failure>
    <system-out>buscarPersona
</system-out>
  </testcase>
  <testcase classname="ec.ups.edu.modulogrupo.ControladorDocenteTest" name="ec.ups.edu.modulogrupo.ControladorDocenteTest.testListarPersona" time="0"/>
  <testcase classname="ec.ups.edu.modulogrupo.ControladorDocenteTest" name="ec.ups.edu.modulogrupo.ControladorDocenteTest.testRegistrarNota" time="0"/>
  <testcase classname="ec.ups.edu.modulogrupo.ControladorDocenteTest" name="ec.ups.edu.modulogrupo.ControladorDocenteTest.testValidarCedula" time="0"/>
  <testcase classname="ec.ups.edu.modulogrupo.ControladorDocenteTest" name="ec.ups.edu.modulogrupo.ControladorDocenteTest.testCrarPersona" time="0">
    <failure type="java.lang.NullPointerException">java.lang.NullPointerException
	at ec.ups.edu.Controlador.ControladorDocente.crarPersona(ControladorDocente.java:44)
	at ec.ups.edu.modulogrupo.ControladorDocenteTest.testCrarPersona(ControladorDocenteTest.java:95)
</failure>
    <system-out>crarPersona
Se procede a mostrar los datos de los docentes existentes en el arraylist 

</system-out>
  </testcase>
  <testcase classname="ec.ups.edu.modulogrupo.ControladorDocenteTest" name="ec.ups.edu.modulogrupo.ControladorDocenteTest.testVerificarUsuario" time="0"/>
  <testcase classname="ec.ups.edu.modulogrupo.ControladorDocenteTest" name="ec.ups.edu.modulogrupo.ControladorDocenteTest.testModificarPersona" time="0"/>
  <testcase classname="ec.ups.edu.modulogrupo.ControladorDocenteTest" name="ec.ups.edu.modulogrupo.ControladorDocenteTest.testEliminarPersona" time="0.024">
    <failure message="Index 0 out of bounds for length 0" type="java.lang.IndexOutOfBoundsException">java.lang.IndexOutOfBoundsException: Index 0 out of bounds for length 0
	at java.base/jdk.internal.util.Preconditions.outOfBounds(Preconditions.java:64)
	at java.base/jdk.internal.util.Preconditions.outOfBoundsCheckIndex(Preconditions.java:70)
	at java.base/jdk.internal.util.Preconditions.checkIndex(Preconditions.java:248)
	at java.base/java.util.Objects.checkIndex(Objects.java:372)
	at java.base/java.util.ArrayList.get(ArrayList.java:458)
	at ec.ups.edu.Controlador.ControladorDocente.eliminarPersona(ControladorDocente.java:62)
	at ec.ups.edu.modulogrupo.ControladorDocenteTest.testEliminarPersona(ControladorDocenteTest.java:110)
</failure>
    <system-out>eliminarPersona
El ArrayList tiene 0 elementos
</system-out>
  </testcase>
</testsuite>