<?xml version="1.0" encoding="UTF-8" ?>
<testsuite tests="8" failures="3" name="ec.ups.edu.modulogrupo.ControladorDocenteTest" time="0.026" errors="0" skipped="0">
  <properties>
    <property name="java.runtime.name" value="Java(TM) SE Runtime Environment"/>
    <property name="java.vm.version" value="11.0.7+8-LTS"/>
    <property name="sun.boot.library.path" value="C:\Program Files\Java\jdk-11.0.7\bin"/>
    <property name="maven.multiModuleProjectDirectory" value="C:\Users\jhonn\Downloads\IngenieriaSoftware-master (3)\IngenieriaSoftware-master\ProyectoFinal"/>
    <property name="java.vm.vendor" value="Oracle Corporation"/>
    <property name="java.vendor.url" value="https://openjdk.java.net/"/>
    <property name="guice.disable.misplaced.annotation.check" value="true"/>
    <property name="path.separator" value=";"/>
    <property name="java.vm.name" value="Java HotSpot(TM) 64-Bit Server VM"/>
    <property name="sun.os.patch.level" value=""/>
    <property name="user.script" value=""/>
    <property name="user.country" value="EC"/>
    <property name="sun.java.launcher" value="SUN_STANDARD"/>
    <property name="test" value="ec.ups.edu.modulogrupo.ControladorDocenteTest"/>
    <property name="java.vm.specification.name" value="Java Virtual Machine Specification"/>
    <property name="user.dir" value="C:\Users\jhonn\Downloads\IngenieriaSoftware-master (3)\IngenieriaSoftware-master\ProyectoFinal"/>
    <property name="java.vm.compressedOopsMode" value="Zero based"/>
    <property name="java.runtime.version" value="11.0.7+8-LTS"/>
    <property name="java.awt.graphicsenv" value="sun.awt.Win32GraphicsEnvironment"/>
    <property name="os.arch" value="amd64"/>
    <property name="java.io.tmpdir" value="C:\Users\jhonn\AppData\Local\Temp\"/>
    <property name="line.separator" value="
"/>
    <property name="java.vm.specification.vendor" value="Oracle Corporation"/>
    <property name="user.variant" value=""/>
    <property name="os.name" value="Windows 10"/>
    <property name="maven.ext.class.path" value="C:\Program Files\NetBeans-12.0\netbeans\java\maven-nblib\netbeans-eventspy.jar"/>
    <property name="classworlds.conf" value="C:\Program Files\NetBeans-12.0\netbeans\java\maven\bin\..\bin\m2.conf"/>
    <property name="sun.jnu.encoding" value="Cp1252"/>
    <property name="java.library.path" value="C:\Program Files\Java\jdk-11.0.7\bin;C:\WINDOWS\Sun\Java\bin;C:\WINDOWS\system32;C:\WINDOWS;C:\ProgramData\Oracle\Java\javapath;C:\Windows\system32;C:\Windows;C:\Windows\System32\Wbem;C:\Windows\System32\WindowsPowerShell\v1.0\;C:\Windows\System32\OpenSSH\;C:\Program Files (x86)\Intel\Intel(R) Management Engine Components\DAL;C:\Program Files\Intel\Intel(R) Management Engine Components\DAL;C:\Program Files (x86)\NVIDIA Corporation\PhysX\Common;C:\Program Files\NVIDIA Corporation\NVIDIA NGX;C:\Program Files\NVIDIA Corporation\NVIDIA NvDLISR;C:\WINDOWS\system32;C:\WINDOWS;C:\WINDOWS\System32\Wbem;C:\WINDOWS\System32\WindowsPowerShell\v1.0\;C:\WINDOWS\System32\OpenSSH\;C:\Program Files\PuTTY\;C:\Program Files (x86)\ZeroTier\One\;C:\Program Files\Git\cmd;C:\Users\jhonn\AppData\Local\Microsoft\WindowsApps;C:\Users\jhonn\AppData\Local\GitHubDesktop\bin;C:\Program Files\apache-maven-3.6.3-bin\apache-maven-3.6.3\bin;C:\Program Files\Java\jdk1.8.0_111\bin;C:\Users\jhonn\Downloads\SONAR\sonarqube-8.3.1.34397;C:\ProgramData\jhonn\GitHubDesktop\bin;."/>
    <property name="maven.conf" value="C:\Program Files\NetBeans-12.0\netbeans\java\maven\bin\../conf"/>
    <property name="jdk.debug" value="release"/>
    <property name="java.class.version" value="55.0"/>
    <property name="java.specification.name" value="Java Platform API Specification"/>
    <property name="sun.management.compiler" value="HotSpot 64-Bit Tiered Compilers"/>
    <property name="os.version" value="10.0"/>
    <property name="library.jansi.path" value="C:\Program Files\NetBeans-12.0\netbeans\java\maven\bin\..\lib\jansi-native"/>
    <property name="user.home" value="C:\Users\jhonn"/>
    <property name="user.timezone" value="America/Bogota"/>
    <property name="java.awt.printerjob" value="sun.awt.windows.WPrinterJob"/>
    <property name="file.encoding" value="UTF-8"/>
    <property name="java.specification.version" value="11"/>
    <property name="user.name" value="jhonn"/>
    <property name="java.class.path" value="C:\Program Files\NetBeans-12.0\netbeans\java\maven\bin\..\boot\plexus-classworlds-2.6.0.jar"/>
    <property name="java.vm.specification.version" value="11"/>
    <property name="sun.arch.data.model" value="64"/>
    <property name="sun.java.command" value="org.codehaus.plexus.classworlds.launcher.Launcher -Dtest=ec.ups.edu.modulogrupo.ControladorDocenteTest -Dmaven.ext.class.path=C:\Program Files\NetBeans-12.0\netbeans\java\maven-nblib\netbeans-eventspy.jar -Dfile.encoding=UTF-8 surefire:test"/>
    <property name="java.home" value="C:\Program Files\Java\jdk-11.0.7"/>
    <property name="user.language" value="es"/>
    <property name="java.specification.vendor" value="Oracle Corporation"/>
    <property name="awt.toolkit" value="sun.awt.windows.WToolkit"/>
    <property name="java.vm.info" value="mixed mode"/>
    <property name="java.version" value="11.0.7"/>
    <property name="java.vendor" value="Oracle Corporation"/>
    <property name="maven.home" value="C:\Program Files\NetBeans-12.0\netbeans\java\maven\bin\.."/>
    <property name="file.separator" value="\"/>
    <property name="java.version.date" value="2020-04-14"/>
    <property name="java.vendor.url.bug" value="https://bugreport.java.com/bugreport/"/>
    <property name="sun.io.unicode.encoding" value="UnicodeLittle"/>
    <property name="sun.cpu.endian" value="little"/>
    <property name="java.vendor.version" value="18.9"/>
    <property name="sun.desktop" value="windows"/>
    <property name="sun.cpu.isalist" value="amd64"/>
  </properties>
  <testcase classname="ec.ups.edu.modulogrupo.ControladorDocenteTest" name="ec.ups.edu.modulogrupo.ControladorDocenteTest.testBuscarPersona" time="0.002">
    <failure message="Uncompilable source code - Erroneous tree type: java.util.ArrayList.&lt;error&gt;" type="java.lang.RuntimeException">java.lang.RuntimeException: Uncompilable source code - Erroneous tree type: java.util.ArrayList.&lt;error&gt;
	at ec.ups.edu.Controlador.ControladorDocente.buscarPersona(ControladorDocente.java:91)
	at ec.ups.edu.modulogrupo.ControladorDocenteTest.testBuscarPersona(ControladorDocenteTest.java:125)
</failure>
    <system-out>buscarPersona
</system-out>
  </testcase>
  <testcase classname="ec.ups.edu.modulogrupo.ControladorDocenteTest" name="ec.ups.edu.modulogrupo.ControladorDocenteTest.testListarPersona" time="0"/>
  <testcase classname="ec.ups.edu.modulogrupo.ControladorDocenteTest" name="ec.ups.edu.modulogrupo.ControladorDocenteTest.testRegistrarNota" time="0"/>
  <testcase classname="ec.ups.edu.modulogrupo.ControladorDocenteTest" name="ec.ups.edu.modulogrupo.ControladorDocenteTest.testValidarCedula" time="0"/>
  <testcase classname="ec.ups.edu.modulogrupo.ControladorDocenteTest" name="ec.ups.edu.modulogrupo.ControladorDocenteTest.testCrarPersona" time="0">
    <failure type="java.lang.NullPointerException">java.lang.NullPointerException
	at ec.ups.edu.Controlador.ControladorDocente.crarPersona(ControladorDocente.java:44)
	at ec.ups.edu.modulogrupo.ControladorDocenteTest.testCrarPersona(ControladorDocenteTest.java:95)
</failure>
    <system-out>crarPersona
Se procede a mostrar los datos de los docentes existentes en el arraylist 

</system-out>
  </testcase>
  <testcase classname="ec.ups.edu.modulogrupo.ControladorDocenteTest" name="ec.ups.edu.modulogrupo.ControladorDocenteTest.testVerificarUsuario" time="0"/>
  <testcase classname="ec.ups.edu.modulogrupo.ControladorDocenteTest" name="ec.ups.edu.modulogrupo.ControladorDocenteTest.testModificarPersona" time="0"/>
  <testcase classname="ec.ups.edu.modulogrupo.ControladorDocenteTest" name="ec.ups.edu.modulogrupo.ControladorDocenteTest.testEliminarPersona" time="0.024">
    <failure message="Index 0 out of bounds for length 0" type="java.lang.IndexOutOfBoundsException">java.lang.IndexOutOfBoundsException: Index 0 out of bounds for length 0
	at java.base/jdk.internal.util.Preconditions.outOfBounds(Preconditions.java:64)
	at java.base/jdk.internal.util.Preconditions.outOfBoundsCheckIndex(Preconditions.java:70)
	at java.base/jdk.internal.util.Preconditions.checkIndex(Preconditions.java:248)
	at java.base/java.util.Objects.checkIndex(Objects.java:372)
	at java.base/java.util.ArrayList.get(ArrayList.java:458)
	at ec.ups.edu.Controlador.ControladorDocente.eliminarPersona(ControladorDocente.java:62)
	at ec.ups.edu.modulogrupo.ControladorDocenteTest.testEliminarPersona(ControladorDocenteTest.java:110)
</failure>
    <system-out>eliminarPersona
El ArrayList tiene 0 elementos
</system-out>
  </testcase>
</testsuite>